#
# A fatal error has been detected by the Java Runtime Environment:
#
#  SIGSEGV (0xb) at pc=0x000000010c765422, pid=59079, tid=0x0000000000000103
#
# JRE version: Java(TM) SE Runtime Environment (8.0_333-b02) (build 1.8.0_333-b02)
# Java VM: Java HotSpot(TM) 64-Bit Server VM (25.333-b02 mixed mode bsd-amd64 compressed oops)
# Problematic frame:
# J 1393 C2 org.postgresql.core.v3.QueryExecutorImpl.sendBind(Lorg/postgresql/core/v3/SimpleQuery;Lorg/postgresql/core/v3/SimpleParameterList;Lorg/postgresql/core/v3/Portal;Z)V (769 bytes) @ 0x000000010c765422 [0x000000010c765260+0x1c2]
#
# Failed to write core dump. Core dumps have been disabled. To enable core dumping, try "ulimit -c unlimited" before starting Java again
#
# If you would like to submit a bug report, please visit:
#   http://bugreport.java.com/bugreport/crash.jsp
#

---------------  T H R E A D  ---------------

Current thread (0x00007fdfd349d800):  JavaThread "main" [_thread_in_Java, id=259, stack(0x00007ff7b92e0000,0x00007ff7b9ae0000)]

siginfo: si_signo: 11 (SIGSEGV), si_code: 1 (SEGV_MAPERR), si_addr: 0x000000012ebde040

Registers:
RAX=0x000000010c765280, RBX=0x00000000f80210c4, RCX=0x0000000000000001, RDX=0x00000007b5ef4ad8
RSP=0x00007ff7b9acf8f0, RBP=0x0000000000000000, RSI=0x00000007b56f1de8, RDI=0x00000007b5ef4ad8
R8 =0x00000000f402b402, R9 =0x00000000f8005239, R10=0x0000000000000000, R11=0x0000000000000000
R12=0x0000000000000000, R13=0x00000007a0159fe8, R14=0x0000000000000000, R15=0x00007fdfd349d800
RIP=0x000000010c765422, EFLAGS=0x0000000000000246, ERR=0x00000000020000b8
  TRAPNO=0x0000000000000085

Top of Stack: (sp=0x00007ff7b9acf8f0)
0x00007ff7b9acf8f0:   00000007c00291c8 0000000000000000
0x00007ff7b9acf900:   00000007b56f1de8 0000000000000000
0x00007ff7b9acf910:   0000000000000000 0000000000000008
0x00007ff7b9acf920:   0000000000000000 0000000000000000
0x00007ff7b9acf930:   0000000000000000 00000007b56f1de8
0x00007ff7b9acf940:   00007ff7b9acf980 00007ff7b9acf970
0x00007ff7b9acf950:   000000010b2e88b8 00000007b5ef4ad8
0x00007ff7b9acf960:   00000007a0159fe8 000000010c765280
0x00007ff7b9acf970:   00000007b5ef50c0 0000000000000202
0x00007ff7b9acf980:   00007ff7b9acfc20 000000010c7390dc
0x00007ff7b9acf990:   000000010c757254 00000007b5ef4aa0
0x00007ff7b9acf9a0:   0000000100000000 00000007a0161980
0x00007ff7b9acf9b0:   00000007b5ef4730 00000007b5ef4710
0x00007ff7b9acf9c0:   00007fdf00000000 00007fe023bca038
0x00007ff7b9acf9d0:   0000000000000001 00007fe02380eae0
0x00007ff7b9acf9e0:   0000000107c7cc00 0000000000000001
0x00007ff7b9acf9f0:   0000000107c7d488 000000010b308bf8
0x00007ff7b9acfa00:   00007ff7b9acfc20 000000010c74099c
0x00007ff7b9acfa10:   00007ff7b9acfb10 000000010b308bf8
0x00007ff7b9acfa20:   00007fdfd349d800 00007fe0223a1410
0x00007ff7b9acfa30:   00000007a0159fe8 00000007b5ef4ad8
0x00007ff7b9acfa40:   0000000000000001 0000000000000000
0x00007ff7b9acfa50:   00000007b56f1de8 0000000000000000
0x00007ff7b9acfa60:   0000000000000000 0000000100000001
0x00007ff7b9acfa70:   00007ff7b9acfaa0 000000010b9caffd
0x00007ff7b9acfa80:   0000001100000000 00000007b5ef4ad8
0x00007ff7b9acfa90:   00000007b56f1de8 00000007b5ef4b38
0x00007ff7b9acfaa0:   0000000000000000 0000000000000000
0x00007ff7b9acfab0:   00007ff7b9acfac0 000000010b9cb349
0x00007ff7b9acfac0:   00007ff7b9acfc20 000000010c72a3fc
0x00007ff7b9acfad0:   00007ff7b9acfb30 000000010c2620c0
0x00007ff7b9acfae0:   0000000000000000 0000000000000000 

Instructions: (pc=0x000000010c765422)
0x000000010c765402:   85 aa 37 00 00 8b 5f 08 81 fb c4 10 02 f8 0f 85
0x000000010c765412:   b3 28 00 00 0f b6 6f 0f 85 ed 0f 85 c3 37 00 00
0x000000010c765422:   47 8b 4c f4 0c 47 8b 44 c4 0c 41 d1 e0 45 03 c1
0x000000010c765432:   41 83 c0 0a 4d 63 c0 4d 03 c2 49 83 c0 02 49 81 

Register to memory mapping:

RAX=0x000000010c765280 is at entry_point+32 in (nmethod*)0x000000010c764cd0
RBX=0x00000000f80210c4 is an unknown value
RCX=0x0000000000000001 is an unknown value
RDX=0x00000007b5ef4ad8 is an oop
org.postgresql.core.v3.SimpleQuery 
 - klass: 'org/postgresql/core/v3/SimpleQuery'
RSP=0x00007ff7b9acf8f0 is pointing into the stack for thread: 0x00007fdfd349d800
RBP=0x0000000000000000 is an unknown value
RSI=0x00000007b56f1de8 is an oop
org.postgresql.core.v3.QueryExecutorImpl 
 - klass: 'org/postgresql/core/v3/QueryExecutorImpl'
RDI=0x00000007b5ef4ad8 is an oop
org.postgresql.core.v3.SimpleQuery 
 - klass: 'org/postgresql/core/v3/SimpleQuery'
R8 =0x00000000f402b402 is an unknown value
R9 =0x00000000f8005239 is an unknown value
R10=0x0000000000000000 is an unknown value
R11=0x0000000000000000 is an unknown value
R12=0x0000000000000000 is an unknown value
R13=0x00000007a0159fe8 is an oop
org.postgresql.core.v3.SimpleParameterList 
 - klass: 'org/postgresql/core/v3/SimpleParameterList'
R14=0x0000000000000000 is an unknown value
R15=0x00007fdfd349d800 is a thread


Stack: [0x00007ff7b92e0000,0x00007ff7b9ae0000],  sp=0x00007ff7b9acf8f0,  free space=8126k
Native frames: (J=compiled Java code, j=interpreted, Vv=VM code, C=native code)
J 1393 C2 org.postgresql.core.v3.QueryExecutorImpl.sendBind(Lorg/postgresql/core/v3/SimpleQuery;Lorg/postgresql/core/v3/SimpleParameterList;Lorg/postgresql/core/v3/Portal;Z)V (769 bytes) @ 0x000000010c765422 [0x000000010c765260+0x1c2]
J 1371 C1 org.postgresql.core.v3.QueryExecutorImpl.sendOneQuery(Lorg/postgresql/core/v3/SimpleQuery;Lorg/postgresql/core/v3/SimpleParameterList;III)V (542 bytes) @ 0x000000010c7390dc [0x000000010c737800+0x18dc]
J 1367 C1 org.postgresql.core.v3.QueryExecutorImpl.sendQuery(Lorg/postgresql/core/Query;Lorg/postgresql/core/v3/V3ParameterList;IIILorg/postgresql/core/ResultHandler;Lorg/postgresql/jdbc/BatchResultHandler;)V (165 bytes) @ 0x000000010c72a3fc [0x000000010c729b20+0x8dc]
j  org.postgresql.core.v3.QueryExecutorImpl.execute(Lorg/postgresql/core/Query;Lorg/postgresql/core/ParameterList;Lorg/postgresql/core/ResultHandler;III)V+148
j  org.postgresql.jdbc.PgStatement.executeInternal(Lorg/postgresql/core/CachedQuery;Lorg/postgresql/core/ParameterList;I)V+312
j  org.postgresql.jdbc.PgStatement.execute(Lorg/postgresql/core/CachedQuery;Lorg/postgresql/core/ParameterList;I)V+4
j  org.postgresql.jdbc.PgStatement.executeWithFlags(Lorg/postgresql/core/CachedQuery;I)Z+32
j  org.postgresql.jdbc.PgStatement.executeCachedSql(Ljava/lang/String;I[Ljava/lang/String;)Z+132
j  org.postgresql.jdbc.PgStatement.executeWithFlags(Ljava/lang/String;I)Z+6
j  org.postgresql.jdbc.PgStatement.execute(Ljava/lang/String;)Z+3
v  ~StubRoutines::call_stub
V  [libjvm.dylib+0x2d6e8f]  JavaCalls::call_helper(JavaValue*, methodHandle*, JavaCallArguments*, Thread*)+0x689
V  [libjvm.dylib+0x2fefdb]  jni_invoke_nonstatic(JNIEnv_*, JavaValue*, _jobject*, JNICallType, _jmethodID*, JNI_ArgumentPusher*, Thread*)+0x3e7
V  [libjvm.dylib+0x30242f]  jni_CallBooleanMethodA+0x165
C  [rJava.so+0x39b4]  RcallMethod+0x5a4
C  [libR.dylib+0x85373]  do_External+0x133
C  [libR.dylib+0xbf744]  bcEval+0x6da4
C  [libR.dylib+0xb8261]  Rf_eval+0x181
C  [libR.dylib+0xd8791]  R_execClosure+0x891
C  [libR.dylib+0xd7569]  Rf_applyClosure+0x1d9
C  [libR.dylib+0xbf448]  bcEval+0x6aa8
C  [libR.dylib+0xb8261]  Rf_eval+0x181
C  [libR.dylib+0xd8791]  R_execClosure+0x891
C  [libR.dylib+0xd7569]  Rf_applyClosure+0x1d9
C  [libR.dylib+0x121fbb]  dispatchMethod+0x2fb
C  [libR.dylib+0x121b83]  Rf_usemethod+0x1d3
C  [libR.dylib+0x1222c2]  do_usemethod+0x2d2
C  [libR.dylib+0xbfd6d]  bcEval+0x73cd
C  [libR.dylib+0xb8261]  Rf_eval+0x181
C  [libR.dylib+0xd8791]  R_execClosure+0x891
C  [libR.dylib+0xd7569]  Rf_applyClosure+0x1d9
C  [libR.dylib+0xbf448]  bcEval+0x6aa8
C  [libR.dylib+0xb8261]  Rf_eval+0x181
C  [libR.dylib+0xd6c6c]  forcePromise+0xac
C  [libR.dylib+0xe267a]  getvar+0x30a
C  [libR.dylib+0xbc62c]  bcEval+0x3c8c
C  [libR.dylib+0xb8261]  Rf_eval+0x181
C  [libR.dylib+0xd6c6c]  forcePromise+0xac
C  [libR.dylib+0xe267a]  getvar+0x30a
C  [libR.dylib+0xbc62c]  bcEval+0x3c8c
C  [libR.dylib+0xb8261]  Rf_eval+0x181
C  [libR.dylib+0xd6c6c]  forcePromise+0xac
C  [libR.dylib+0xe267a]  getvar+0x30a
C  [libR.dylib+0xbc62c]  bcEval+0x3c8c
C  [libR.dylib+0xb8261]  Rf_eval+0x181
C  [libR.dylib+0xd6c6c]  forcePromise+0xac
C  [libR.dylib+0xe267a]  getvar+0x30a
C  [libR.dylib+0xbc62c]  bcEval+0x3c8c
C  [libR.dylib+0xb8261]  Rf_eval+0x181
C  [libR.dylib+0xd8791]  R_execClosure+0x891
C  [libR.dylib+0xd7569]  Rf_applyClosure+0x1d9
C  [libR.dylib+0xbf448]  bcEval+0x6aa8
C  [libR.dylib+0xb8261]  Rf_eval+0x181
C  [libR.dylib+0xd8791]  R_execClosure+0x891
C  [libR.dylib+0xd7569]  Rf_applyClosure+0x1d9
C  [libR.dylib+0xbf448]  bcEval+0x6aa8
C  [libR.dylib+0xb8261]  Rf_eval+0x181
C  [libR.dylib+0xd8791]  R_execClosure+0x891
C  [libR.dylib+0xd7569]  Rf_applyClosure+0x1d9
C  [libR.dylib+0xbf448]  bcEval+0x6aa8
C  [libR.dylib+0xb8261]  Rf_eval+0x181
C  [libR.dylib+0xd8791]  R_execClosure+0x891
C  [libR.dylib+0xd7569]  Rf_applyClosure+0x1d9
C  [libR.dylib+0xbf448]  bcEval+0x6aa8
C  [libR.dylib+0xb8261]  Rf_eval+0x181
C  [libR.dylib+0xd8791]  R_execClosure+0x891
C  [libR.dylib+0xd7569]  Rf_applyClosure+0x1d9
C  [libR.dylib+0xbf448]  bcEval+0x6aa8
C  [libR.dylib+0xb8261]  Rf_eval+0x181
C  [libR.dylib+0xd8791]  R_execClosure+0x891
C  [libR.dylib+0xd7569]  Rf_applyClosure+0x1d9
C  [libR.dylib+0xbf448]  bcEval+0x6aa8
C  [libR.dylib+0xb8261]  Rf_eval+0x181
C  [libR.dylib+0xd8791]  R_execClosure+0x891
C  [libR.dylib+0xd7569]  Rf_applyClosure+0x1d9
C  [libR.dylib+0x121fbb]  dispatchMethod+0x2fb
C  [libR.dylib+0x121b83]  Rf_usemethod+0x1d3
C  [libR.dylib+0x1222c2]  do_usemethod+0x2d2
C  [libR.dylib+0xbfd6d]  bcEval+0x73cd
C  [libR.dylib+0xb8261]  Rf_eval+0x181
C  [libR.dylib+0xd8791]  R_execClosure+0x891
C  [libR.dylib+0xd7569]  Rf_applyClosure+0x1d9
C  [libR.dylib+0xbf448]  bcEval+0x6aa8
C  [libR.dylib+0xdab36]  R_compileAndExecute+0x2e6
C  [libR.dylib+0xd9d7e]  do_for+0xde
C  [libR.dylib+0xb8459]  Rf_eval+0x379
C  [libR.dylib+0x10dcea]  Rf_ReplIteration+0x32a
C  [libR.dylib+0x10f20f]  run_Rmainloop+0xcf
C  [rsession+0xae1bfe]  rstudio_boost::asio::detail::descriptor_write_op_base<rstudio_boost::asio::const_buffers_1>::do_perform(rstudio_boost::asio::detail::reactor_op*)+0xaad2e
C  [rsession+0xab52cb]  rstudio_boost::asio::detail::descriptor_write_op_base<rstudio_boost::asio::const_buffers_1>::do_perform(rstudio_boost::asio::detail::reactor_op*)+0x7e3fb
C  [rsession+0x15519a]  rstudio_boost::asio::detail::reactive_socket_accept_op_base<rstudio_boost::asio::basic_socket<rstudio_boost::asio::ip::tcp, rstudio_boost::asio::any_io_executor>, rstudio_boost::asio::ip::tcp>::do_perform(rstudio_boost::asio::detail::reactor_op*)+0x8f08a
C  [dyld+0x6310]  start+0x980
C  0x0000000000000000


---------------  P R O C E S S  ---------------

Java Threads: ( => current thread )
  0x00007fdfd339d000 JavaThread "Service Thread" daemon [_thread_blocked, id=19459, stack(0x000070000cbe6000,0x000070000cde6000)]
  0x00007fe011b10800 JavaThread "C1 CompilerThread3" daemon [_thread_blocked, id=17411, stack(0x000070000cae3000,0x000070000cbe3000)]
  0x00007fdfd25cf000 JavaThread "C2 CompilerThread2" daemon [_thread_blocked, id=19971, stack(0x000070000c9e0000,0x000070000cae0000)]
  0x00007fe024976000 JavaThread "C2 CompilerThread1" daemon [_thread_blocked, id=20483, stack(0x000070000c8dd000,0x000070000c9dd000)]
  0x00007fdfd1dfb800 JavaThread "C2 CompilerThread0" daemon [_thread_blocked, id=20995, stack(0x000070000c7da000,0x000070000c8da000)]
  0x00007fdfd3370800 JavaThread "Attach Listener" daemon [_thread_blocked, id=21251, stack(0x000070000c5d7000,0x000070000c7d7000)]
  0x00007fdfd25f9800 JavaThread "Finalizer" daemon [_thread_blocked, id=12803, stack(0x000070000c2ce000,0x000070000c4ce000)]
  0x00007fdfd25f1800 JavaThread "Reference Handler" daemon [_thread_blocked, id=12291, stack(0x000070000c0cb000,0x000070000c2cb000)]
=>0x00007fdfd349d800 JavaThread "main" [_thread_in_Java, id=259, stack(0x00007ff7b92e0000,0x00007ff7b9ae0000)]

Other Threads:
  0x00007fdfd25ea800 VMThread [stack: 0x000070000bfc8000,0x000070000c0c8000] [id=15363]
  0x00007fdfd3652000 WatcherThread [stack: 0x000070000cde9000,0x000070000cee9000] [id=17923]

VM state:not at safepoint (normal execution)

VM Mutex/Monitor currently owned by a thread: None

heap address: 0x00000007a0000000, size: 512 MB, Compressed Oops mode: Zero based, Oop shift amount: 3
Narrow klass base: 0x0000000000000000, Narrow klass shift: 3
Compressed class space size: 1073741824 Address: 0x00000007c0000000

Heap:
 PSYoungGen      total 153088K, used 11843K [0x00000007b5580000, 0x00000007c0000000, 0x00000007c0000000)
  eden space 131584K, 9% used [0x00000007b5580000,0x00000007b6110ca8,0x00000007bd600000)
  from space 21504K, 0% used [0x00000007beb00000,0x00000007beb00000,0x00000007c0000000)
  to   space 21504K, 0% used [0x00000007bd600000,0x00000007bd600000,0x00000007beb00000)
 ParOldGen       total 349696K, used 3001K [0x00000007a0000000, 0x00000007b5580000, 0x00000007b5580000)
  object space 349696K, 0% used [0x00000007a0000000,0x00000007a02ee5d8,0x00000007b5580000)
 Metaspace       used 10580K, capacity 10846K, committed 11008K, reserved 1058816K
  class space    used 1113K, capacity 1161K, committed 1280K, reserved 1048576K

Card table byte_map: [0x00000001082b7000,0x00000001083b8000] byte_map_base: 0x00000001045b7000

Marking Bits: (ParMarkBitMap*) 0x000000010bb782e8
 Begin Bits: [0x000000011b25a000, 0x000000011ba5a000)
 End Bits:   [0x000000011ba5a000, 0x000000011c25a000)

Polling page: 0x0000000107419000

CodeCache: size=245760Kb used=5157Kb max_used=5184Kb free=240602Kb
 bounds [0x000000010c25a000, 0x000000010c77a000, 0x000000011b25a000]
 total_blobs=1750 nmethods=1405 adapters=259
 compilation: enabled

Compilation events (10 events):
Event: 378.530 Thread 0x00007fe011b10800 nmethod 1401 0x000000010c74c910 code [0x000000010c74ca60, 0x000000010c74cb70]
Event: 378.550 Thread 0x00007fe011b10800 1402       3       java.lang.String::lastIndexOf (151 bytes)
Event: 378.550 Thread 0x00007fe011b10800 nmethod 1402 0x000000010c74abd0 code [0x000000010c74ad80, 0x000000010c74b2d0]
Event: 378.561 Thread 0x00007fe011b10800 1403       3       org.postgresql.core.Parser::parseJdbcSql (1432 bytes)
Event: 378.568 Thread 0x00007fe011b10800 nmethod 1403 0x000000010c7501d0 code [0x000000010c750a20, 0x000000010c758598]
Event: 378.583 Thread 0x00007fdfd1dfb800 1404       4       java.util.regex.Pattern::sequence (553 bytes)
Event: 378.587 Thread 0x00007fdfd25cf000 nmethod 1393 0x000000010c764cd0 code [0x000000010c765260, 0x000000010c76a7d8]
Event: 378.589 Thread 0x00007fdfd1dfb800 nmethod 1404 0x000000010c761a10 code [0x000000010c761c40, 0x000000010c7624c8]
Event: 378.609 Thread 0x00007fe011b10800 1405       1       java.lang.reflect.AccessibleObject::isAccessible (5 bytes)
Event: 378.609 Thread 0x00007fe011b10800 nmethod 1405 0x000000010c747050 code [0x000000010c7471a0, 0x000000010c7472b0]

GC Heap History (10 events):
Event: 77.613 GC heap before
{Heap before GC invocations=8 (full 4):
 PSYoungGen      total 153088K, used 768K [0x00000007b5580000, 0x00000007c0000000, 0x00000007c0000000)
  eden space 131584K, 0% used [0x00000007b5580000,0x00000007b5580000,0x00000007bd600000)
  from space 21504K, 3% used [0x00000007beb00000,0x00000007bebc0000,0x00000007c0000000)
  to   space 21504K, 0% used [0x00000007bd600000,0x00000007bd600000,0x00000007beb00000)
 ParOldGen       total 349696K, used 102775K [0x00000007a0000000, 0x00000007b5580000, 0x00000007b5580000)
  object space 349696K, 29% used [0x00000007a0000000,0x00000007a645dc20,0x00000007b5580000)
 Metaspace       used 10260K, capacity 10526K, committed 10752K, reserved 1058816K
  class space    used 1100K, capacity 1161K, committed 1280K, reserved 1048576K
Event: 77.626 GC heap after
Heap after GC invocations=8 (full 4):
 PSYoungGen      total 153088K, used 0K [0x00000007b5580000, 0x00000007c0000000, 0x00000007c0000000)
  eden space 131584K, 0% used [0x00000007b5580000,0x00000007b5580000,0x00000007bd600000)
  from space 21504K, 0% used [0x00000007beb00000,0x00000007beb00000,0x00000007c0000000)
  to   space 21504K, 0% used [0x00000007bd600000,0x00000007bd600000,0x00000007beb00000)
 ParOldGen       total 349696K, used 3313K [0x00000007a0000000, 0x00000007b5580000, 0x00000007b5580000)
  object space 349696K, 0% used [0x00000007a0000000,0x00000007a033c6e0,0x00000007b5580000)
 Metaspace       used 10260K, capacity 10526K, committed 10752K, reserved 1058816K
  class space    used 1100K, capacity 1161K, committed 1280K, reserved 1048576K
}
Event: 77.972 GC heap before
{Heap before GC invocations=9 (full 4):
 PSYoungGen      total 153088K, used 3947K [0x00000007b5580000, 0x00000007c0000000, 0x00000007c0000000)
  eden space 131584K, 3% used [0x00000007b5580000,0x00000007b595ae58,0x00000007bd600000)
  from space 21504K, 0% used [0x00000007beb00000,0x00000007beb00000,0x00000007c0000000)
  to   space 21504K, 0% used [0x00000007bd600000,0x00000007bd600000,0x00000007beb00000)
 ParOldGen       total 349696K, used 3313K [0x00000007a0000000, 0x00000007b5580000, 0x00000007b5580000)
  object space 349696K, 0% used [0x00000007a0000000,0x00000007a033c6e0,0x00000007b5580000)
 Metaspace       used 10307K, capacity 10526K, committed 10752K, reserved 1058816K
  class space    used 1101K, capacity 1161K, committed 1280K, reserved 1048576K
Event: 77.972 GC heap after
Heap after GC invocations=9 (full 4):
 PSYoungGen      total 153088K, used 288K [0x00000007b5580000, 0x00000007c0000000, 0x00000007c0000000)
  eden space 131584K, 0% used [0x00000007b5580000,0x00000007b5580000,0x00000007bd600000)
  from space 21504K, 1% used [0x00000007bd600000,0x00000007bd648000,0x00000007beb00000)
  to   space 21504K, 0% used [0x00000007beb00000,0x00000007beb00000,0x00000007c0000000)
 ParOldGen       total 349696K, used 3321K [0x00000007a0000000, 0x00000007b5580000, 0x00000007b5580000)
  object space 349696K, 0% used [0x00000007a0000000,0x00000007a033e6e0,0x00000007b5580000)
 Metaspace       used 10307K, capacity 10526K, committed 10752K, reserved 1058816K
  class space    used 1101K, capacity 1161K, committed 1280K, reserved 1048576K
}
Event: 77.973 GC heap before
{Heap before GC invocations=10 (full 5):
 PSYoungGen      total 153088K, used 288K [0x00000007b5580000, 0x00000007c0000000, 0x00000007c0000000)
  eden space 131584K, 0% used [0x00000007b5580000,0x00000007b5580000,0x00000007bd600000)
  from space 21504K, 1% used [0x00000007bd600000,0x00000007bd648000,0x00000007beb00000)
  to   space 21504K, 0% used [0x00000007beb00000,0x00000007beb00000,0x00000007c0000000)
 ParOldGen       total 349696K, used 3321K [0x00000007a0000000, 0x00000007b5580000, 0x00000007b5580000)
  object space 349696K, 0% used [0x00000007a0000000,0x00000007a033e6e0,0x00000007b5580000)
 Metaspace       used 10307K, capacity 10526K, committed 10752K, reserved 1058816K
  class space    used 1101K, capacity 1161K, committed 1280K, reserved 1048576K
Event: 77.992 GC heap after
Heap after GC invocations=10 (full 5):
 PSYoungGen      total 153088K, used 0K [0x00000007b5580000, 0x00000007c0000000, 0x00000007c0000000)
  eden space 131584K, 0% used [0x00000007b5580000,0x00000007b5580000,0x00000007bd600000)
  from space 21504K, 0% used [0x00000007bd600000,0x00000007bd600000,0x00000007beb00000)
  to   space 21504K, 0% used [0x00000007beb00000,0x00000007beb00000,0x00000007c0000000)
 ParOldGen       total 349696K, used 2921K [0x00000007a0000000, 0x00000007b5580000, 0x00000007b5580000)
  object space 349696K, 0% used [0x00000007a0000000,0x00000007a02da750,0x00000007b5580000)
 Metaspace       used 10307K, capacity 10526K, committed 10752K, reserved 1058816K
  class space    used 1101K, capacity 1161K, committed 1280K, reserved 1048576K
}
Event: 121.566 GC heap before
{Heap before GC invocations=11 (full 5):
 PSYoungGen      total 153088K, used 53933K [0x00000007b5580000, 0x00000007c0000000, 0x00000007c0000000)
  eden space 131584K, 40% used [0x00000007b5580000,0x00000007b8a2b730,0x00000007bd600000)
  from space 21504K, 0% used [0x00000007bd600000,0x00000007bd600000,0x00000007beb00000)
  to   space 21504K, 0% used [0x00000007beb00000,0x00000007beb00000,0x00000007c0000000)
 ParOldGen       total 349696K, used 102894K [0x00000007a0000000, 0x00000007b5580000, 0x00000007b5580000)
  object space 349696K, 29% used [0x00000007a0000000,0x00000007a647b920,0x00000007b5580000)
 Metaspace       used 10316K, capacity 10526K, committed 10752K, reserved 1058816K
  class space    used 1101K, capacity 1161K, committed 1280K, reserved 1048576K
Event: 121.566 GC heap after
Heap after GC invocations=11 (full 5):
 PSYoungGen      total 153088K, used 256K [0x00000007b5580000, 0x00000007c0000000, 0x00000007c0000000)
  eden space 131584K, 0% used [0x00000007b5580000,0x00000007b5580000,0x00000007bd600000)
  from space 21504K, 1% used [0x00000007beb00000,0x00000007beb40000,0x00000007c0000000)
  to   space 21504K, 0% used [0x00000007bd600000,0x00000007bd600000,0x00000007beb00000)
 ParOldGen       total 349696K, used 102902K [0x00000007a0000000, 0x00000007b5580000, 0x00000007b5580000)
  object space 349696K, 29% used [0x00000007a0000000,0x00000007a647d920,0x00000007b5580000)
 Metaspace       used 10316K, capacity 10526K, committed 10752K, reserved 1058816K
  class space    used 1101K, capacity 1161K, committed 1280K, reserved 1048576K
}
Event: 121.566 GC heap before
{Heap before GC invocations=12 (full 6):
 PSYoungGen      total 153088K, used 256K [0x00000007b5580000, 0x00000007c0000000, 0x00000007c0000000)
  eden space 131584K, 0% used [0x00000007b5580000,0x00000007b5580000,0x00000007bd600000)
  from space 21504K, 1% used [0x00000007beb00000,0x00000007beb40000,0x00000007c0000000)
  to   space 21504K, 0% used [0x00000007bd600000,0x00000007bd600000,0x00000007beb00000)
 ParOldGen       total 349696K, used 102902K [0x00000007a0000000, 0x00000007b5580000, 0x00000007b5580000)
  object space 349696K, 29% used [0x00000007a0000000,0x00000007a647d920,0x00000007b5580000)
 Metaspace       used 10316K, capacity 10526K, committed 10752K, reserved 1058816K
  class space    used 1101K, capacity 1161K, committed 1280K, reserved 1048576K
Event: 121.573 GC heap after
Heap after GC invocations=12 (full 6):
 PSYoungGen      total 153088K, used 0K [0x00000007b5580000, 0x00000007c0000000, 0x00000007c0000000)
  eden space 131584K, 0% used [0x00000007b5580000,0x00000007b5580000,0x00000007bd600000)
  from space 21504K, 0% used [0x00000007beb00000,0x00000007beb00000,0x00000007c0000000)
  to   space 21504K, 0% used [0x00000007bd600000,0x00000007bd600000,0x00000007beb00000)
 ParOldGen       total 349696K, used 3001K [0x00000007a0000000, 0x00000007b5580000, 0x00000007b5580000)
  object space 349696K, 0% used [0x00000007a0000000,0x00000007a02ee5d8,0x00000007b5580000)
 Metaspace       used 10316K, capacity 10526K, committed 10752K, reserved 1058816K
  class space    used 1101K, capacity 1161K, committed 1280K, reserved 1048576K
}

Deoptimization events (10 events):
Event: 78.039 Thread 0x00007fdfd349d800 Uncommon trap: reason=unstable_if action=reinterpret pc=0x000000010c67c73c method=org.ohdsi.sql.StringUtils.tokenizeSql(Ljava/lang/String;)Ljava/util/List; @ 249
Event: 78.043 Thread 0x00007fdfd349d800 Uncommon trap: reason=unstable_if action=reinterpret pc=0x000000010c68ccf8 method=org.ohdsi.sql.SqlTranslate.search(Ljava/lang/String;Ljava/util/List;I)Lorg/ohdsi/sql/SqlTranslate$MatchedPattern; @ 1327
Event: 121.566 Thread 0x00007fdfd349d800 Uncommon trap: reason=class_check action=maybe_recompile pc=0x000000010c584c84 method=java.util.HashMap.putVal(ILjava/lang/Object;Ljava/lang/Object;ZZ)Ljava/lang/Object; @ 253
Event: 378.395 Thread 0x00007fdfd349d800 Uncommon trap: reason=bimorphic action=maybe_recompile pc=0x000000010c66f1b0 method=java.util.regex.Pattern$Slice.match(Ljava/util/regex/Matcher;ILjava/lang/CharSequence;)Z @ 75
Event: 378.395 Thread 0x00007fdfd349d800 Uncommon trap: reason=bimorphic action=maybe_recompile pc=0x000000010c62fbd4 method=java.util.regex.Pattern$Curly.match(Ljava/util/regex/Matcher;ILjava/lang/CharSequence;)Z @ 19
Event: 378.448 Thread 0x00007fdfd349d800 Uncommon trap: reason=unstable_if action=reinterpret pc=0x000000010c6f2a08 method=org.postgresql.core.v3.SimpleParameterList.bind(ILjava/lang/Object;IB)V @ 96
Event: 378.530 Thread 0x00007fdfd349d800 Uncommon trap: reason=unstable_if action=reinterpret pc=0x000000010c7476a0 method=org.postgresql.core.v3.SimpleQuery.isPreparedFor([IS)Z @ 4
Event: 378.549 Thread 0x00007fdfd349d800 Uncommon trap: reason=bimorphic action=maybe_recompile pc=0x000000010c66f1b0 method=java.util.regex.Pattern$Slice.match(Ljava/util/regex/Matcher;ILjava/lang/CharSequence;)Z @ 75
Event: 378.550 Thread 0x00007fdfd349d800 Uncommon trap: reason=bimorphic action=maybe_recompile pc=0x000000010c62fbd4 method=java.util.regex.Pattern$Curly.match(Ljava/util/regex/Matcher;ILjava/lang/CharSequence;)Z @ 19
Event: 378.600 Thread 0x00007fdfd349d800 Uncommon trap: reason=bimorphic action=maybe_recompile pc=0x000000010c66f1b0 method=java.util.regex.Pattern$Slice.match(Ljava/util/regex/Matcher;ILjava/lang/CharSequence;)Z @ 75

Classes redefined (0 events):
No events

Internal exceptions (8 events):
Event: 0.025 Thread 0x00007fdfd349d800 Exception <a 'java/lang/NoSuchMethodError': Method sun.misc.Unsafe.defineClass(Ljava/lang/String;[BII)Ljava/lang/Class; name or signature does not match> (0x00000007b5587cc0) thrown at [/System/Volumes/Data/jenkins/workspace/8-2-build-macosx-x86_64/jdk8u3
Event: 0.025 Thread 0x00007fdfd349d800 Exception <a 'java/lang/NoSuchMethodError': Method sun.misc.Unsafe.prefetchRead(Ljava/lang/Object;J)V name or signature does not match> (0x00000007b5587fa8) thrown at [/System/Volumes/Data/jenkins/workspace/8-2-build-macosx-x86_64/jdk8u333/2551/hotspot/sr
Event: 32.802 Thread 0x00007fdfd349d800 Exception <a 'java/security/PrivilegedActionException'> (0x00000007b5703148) thrown at [/System/Volumes/Data/jenkins/workspace/8-2-build-macosx-x86_64/jdk8u333/2551/hotspot/src/share/vm/prims/jvm.cpp, line 1523]
Event: 32.802 Thread 0x00007fdfd349d800 Exception <a 'java/security/PrivilegedActionException'> (0x00000007b5703358) thrown at [/System/Volumes/Data/jenkins/workspace/8-2-build-macosx-x86_64/jdk8u333/2551/hotspot/src/share/vm/prims/jvm.cpp, line 1523]
Event: 32.802 Thread 0x00007fdfd349d800 Exception <a 'java/security/PrivilegedActionException'> (0x00000007b5707b98) thrown at [/System/Volumes/Data/jenkins/workspace/8-2-build-macosx-x86_64/jdk8u333/2551/hotspot/src/share/vm/prims/jvm.cpp, line 1523]
Event: 32.802 Thread 0x00007fdfd349d800 Exception <a 'java/security/PrivilegedActionException'> (0x00000007b5707da8) thrown at [/System/Volumes/Data/jenkins/workspace/8-2-build-macosx-x86_64/jdk8u333/2551/hotspot/src/share/vm/prims/jvm.cpp, line 1523]
Event: 33.046 Thread 0x00007fdfd349d800 Exception <a 'java/lang/NoSuchFieldError': method resolution failed> (0x00000007b658f770) thrown at [/System/Volumes/Data/jenkins/workspace/8-2-build-macosx-x86_64/jdk8u333/2551/hotspot/src/share/vm/prims/methodHandles.cpp, line 1169]
Event: 33.047 Thread 0x00007fdfd349d800 Exception <a 'java/lang/NoSuchFieldError': method resolution failed> (0x00000007b659ceb0) thrown at [/System/Volumes/Data/jenkins/workspace/8-2-build-macosx-x86_64/jdk8u333/2551/hotspot/src/share/vm/prims/methodHandles.cpp, line 1169]

Events (10 events):
Event: 378.530 Thread 0x00007fdfd349d800 DEOPT UNPACKING pc=0x000000010c29f7ba sp=0x00007ff7b9ad8e20 mode 2
Event: 378.549 Thread 0x00007fdfd349d800 Uncommon trap: trap_request=0xffffffc6 fr.pc=0x000000010c66f1b0
Event: 378.549 Thread 0x00007fdfd349d800 DEOPT PACKING pc=0x000000010c66f1b0 sp=0x00007ff7b9ad5b20
Event: 378.550 Thread 0x00007fdfd349d800 DEOPT UNPACKING pc=0x000000010c29f7ba sp=0x00007ff7b9ad5ac8 mode 2
Event: 378.550 Thread 0x00007fdfd349d800 Uncommon trap: trap_request=0xffffffc6 fr.pc=0x000000010c62fbd4
Event: 378.550 Thread 0x00007fdfd349d800 DEOPT PACKING pc=0x000000010c62fbd4 sp=0x00007ff7b9ad5970
Event: 378.550 Thread 0x00007fdfd349d800 DEOPT UNPACKING pc=0x000000010c29f7ba sp=0x00007ff7b9ad5938 mode 2
Event: 378.600 Thread 0x00007fdfd349d800 Uncommon trap: trap_request=0xffffffc6 fr.pc=0x000000010c66f1b0
Event: 378.600 Thread 0x00007fdfd349d800 DEOPT PACKING pc=0x000000010c66f1b0 sp=0x00007ff7b9ad5b10
Event: 378.600 Thread 0x00007fdfd349d800 DEOPT UNPACKING pc=0x000000010c29f7ba sp=0x00007ff7b9ad5ab8 mode 2


Dynamic libraries:
0x000000010783b000 	/Library/Frameworks/R.framework/Versions/4.0/Resources/lib/libR.dylib
0x00000001074a6000 	/Applications/RStudio.app/Contents/Resources/app/Frameworks/libpq.5.13.dylib
0x0000000107577000 	/Applications/RStudio.app/Contents/Resources/app/Frameworks/libssl.1.1.dylib
0x0000000107f85000 	/Applications/RStudio.app/Contents/Resources/app/Frameworks/libcrypto.1.1.dylib
0x00007ff8037ec000 	/System/Library/Frameworks/AppKit.framework/Versions/C/AppKit
0x00007ff8047f4000 	/System/Library/PrivateFrameworks/UIFoundation.framework/Versions/A/UIFoundation
0x00007ffb01f00000 	/System/Library/PrivateFrameworks/CollectionViewCore.framework/Versions/A/CollectionViewCore
0x00007ff812627000 	/System/Library/PrivateFrameworks/RemoteViewServices.framework/Versions/A/RemoteViewServices
0x00007ff80a2ff000 	/System/Library/PrivateFrameworks/XCTTargetBootstrap.framework/Versions/A/XCTTargetBootstrap
0x00007ff80e113000 	/System/Library/PrivateFrameworks/InternationalSupport.framework/Versions/A/InternationalSupport
0x00007ff80e19c000 	/System/Library/PrivateFrameworks/UserActivity.framework/Versions/A/UserActivity
0x00007ffb18166000 	/System/Library/PrivateFrameworks/WindowManagement.framework/Versions/A/WindowManagement
0x00007ff8011c5000 	/System/Library/Frameworks/SystemConfiguration.framework/Versions/A/SystemConfiguration
0x00007ff80d50c000 	/usr/lib/libspindump.dylib
0x00007ff8049c2000 	/System/Library/Frameworks/UniformTypeIdentifiers.framework/Versions/A/UniformTypeIdentifiers
0x00007ff8087df000 	/usr/lib/libapp_launch_measurement.dylib
0x00007ff807966000 	/System/Library/PrivateFrameworks/CoreAnalytics.framework/Versions/A/CoreAnalytics
0x00007ff8087e2000 	/System/Library/PrivateFrameworks/CoreAutoLayout.framework/Versions/A/CoreAutoLayout
0x00007ff8063a5000 	/System/Library/Frameworks/CoreData.framework/Versions/A/CoreData
0x00007ff809b73000 	/System/Library/Frameworks/Metal.framework/Versions/A/Metal
0x00007ff80aac1000 	/usr/lib/liblangid.dylib
0x00007ff80a304000 	/System/Library/PrivateFrameworks/CoreSVG.framework/Versions/A/CoreSVG
0x00007ff8052f9000 	/System/Library/PrivateFrameworks/SkyLight.framework/Versions/A/SkyLight
0x00007ff8056e3000 	/System/Library/Frameworks/CoreGraphics.framework/Versions/A/CoreGraphics
0x00007ff812cf9000 	/System/Library/Frameworks/Accelerate.framework/Versions/A/Accelerate
0x00007ff80cf81000 	/System/Library/PrivateFrameworks/IconServices.framework/Versions/A/IconServices
0x00007ff809b56000 	/System/Library/Frameworks/IOSurface.framework/Versions/A/IOSurface
0x00007ff807990000 	/usr/lib/libDiagnosticMessagesClient.dylib
0x00007ff80c1c0000 	/usr/lib/libz.1.dylib
0x00007ff816241000 	/System/Library/Frameworks/ApplicationServices.framework/Versions/A/ApplicationServices
0x00007ff80a2eb000 	/System/Library/PrivateFrameworks/DFRFoundation.framework/Versions/A/DFRFoundation
0x00007ff8030b4000 	/usr/lib/libicucore.A.dylib
0x00007ff80efb5000 	/System/Library/Frameworks/AudioToolbox.framework/Versions/A/AudioToolbox
0x00007ff80e11e000 	/System/Library/PrivateFrameworks/DataDetectorsCore.framework/Versions/A/DataDetectorsCore
0x00007ff905781000 	/System/Library/PrivateFrameworks/TextInput.framework/Versions/A/TextInput
0x00007ff8014d9000 	/System/Library/Frameworks/Foundation.framework/Versions/C/Foundation
0x00007ff80526e000 	/usr/lib/libMobileGestalt.dylib
0x00007ff809ff3000 	/System/Library/Frameworks/Carbon.framework/Versions/A/Frameworks/HIToolbox.framework/Versions/A/HIToolbox
0x00007ff808181000 	/System/Library/Frameworks/QuartzCore.framework/Versions/A/QuartzCore
0x00007ff802d33000 	/System/Library/Frameworks/Security.framework/Versions/A/Security
0x00007ff81265f000 	/System/Library/Frameworks/Carbon.framework/Versions/A/Frameworks/SpeechRecognition.framework/Versions/A/SpeechRecognition
0x00007ff80851f000 	/System/Library/PrivateFrameworks/CoreUI.framework/Versions/A/CoreUI
0x00007ff802615000 	/System/Library/Frameworks/CoreAudio.framework/Versions/A/CoreAudio
0x00007ff807a6a000 	/System/Library/Frameworks/DiskArbitration.framework/Versions/A/DiskArbitration
0x00007ff80d92d000 	/System/Library/PrivateFrameworks/MultitouchSupport.framework/Versions/A/MultitouchSupport
0x00007ff80526d000 	/usr/lib/libenergytrace.dylib
0x00007ff8036ce000 	/System/Library/Frameworks/IOKit.framework/Versions/A/IOKit
0x00007ff812a58000 	/System/Library/Frameworks/CoreServices.framework/Versions/A/CoreServices
0x00007ff808777000 	/System/Library/PrivateFrameworks/PerformanceAnalysis.framework/Versions/A/PerformanceAnalysis
0x00007ffa15cad000 	/System/Library/Frameworks/OpenGL.framework/Versions/A/OpenGL
0x00007ff80882a000 	/usr/lib/libxml2.2.dylib
0x00007ff80b736000 	/System/Library/PrivateFrameworks/MobileKeyBag.framework/Versions/A/MobileKeyBag
0x00007ff80028f000 	/usr/lib/libobjc.A.dylib
0x00007ff800555000 	/usr/lib/libc++.1.dylib
0x00007ff80c2a4000 	/usr/lib/libSystem.B.dylib
0x00007ff805e07000 	/System/Library/Frameworks/ColorSync.framework/Versions/A/ColorSync
0x00007ff800660000 	/System/Library/Frameworks/CoreFoundation.framework/Versions/A/CoreFoundation
0x00007ff80a69e000 	/System/Library/Frameworks/CoreImage.framework/Versions/A/CoreImage
0x00007ff802426000 	/System/Library/Frameworks/CoreText.framework/Versions/A/CoreText
0x00007ff80a33f000 	/System/Library/Frameworks/ImageIO.framework/Versions/A/ImageIO
0x00007ff80c2aa000 	/System/Library/PrivateFrameworks/SoftLinking.framework/Versions/A/SoftLinking
0x00007ff80c52c000 	/usr/lib/libcompression.dylib
0x00007ff80e045000 	/System/Library/PrivateFrameworks/TextureIO.framework/Versions/A/TextureIO
0x00007ff80cc4a000 	/usr/lib/libate.dylib
0x00007ff80c29f000 	/usr/lib/system/libcache.dylib
0x00007ff80c25a000 	/usr/lib/system/libcommonCrypto.dylib
0x00007ff80c283000 	/usr/lib/system/libcompiler_rt.dylib
0x00007ff80c279000 	/usr/lib/system/libcopyfile.dylib
0x00007ff8003be000 	/usr/lib/system/libcorecrypto.dylib
0x00007ff800482000 	/usr/lib/system/libdispatch.dylib
0x00007ff80060a000 	/usr/lib/system/libdyld.dylib
0x00007ff80c295000 	/usr/lib/system/libkeymgr.dylib
0x00007ff80c239000 	/usr/lib/system/libmacho.dylib
0x00007ff80b823000 	/usr/lib/system/libquarantine.dylib
0x00007ff80c293000 	/usr/lib/system/libremovefile.dylib
0x00007ff8052c7000 	/usr/lib/system/libsystem_asl.dylib
0x00007ff800360000 	/usr/lib/system/libsystem_blocks.dylib
0x00007ff8004cc000 	/usr/lib/system/libsystem_c.dylib
0x00007ff80c28b000 	/usr/lib/system/libsystem_collections.dylib
0x00007ff80aab2000 	/usr/lib/system/libsystem_configuration.dylib
0x00007ff809b27000 	/usr/lib/system/libsystem_containermanager.dylib
0x00007ff80bf01000 	/usr/lib/system/libsystem_coreservices.dylib
0x00007ff803348000 	/usr/lib/system/libsystem_darwin.dylib
0x00007ff80c296000 	/usr/lib/system/libsystem_dnssd.dylib
0x00007ff8004c9000 	/usr/lib/system/libsystem_featureflags.dylib
0x00007ff800635000 	/usr/lib/system/libsystem_info.dylib
0x00007ff80c1d3000 	/usr/lib/system/libsystem_m.dylib
0x00007ff800455000 	/usr/lib/system/libsystem_malloc.dylib
0x00007ff805256000 	/usr/lib/system/libsystem_networkextension.dylib
0x00007ff80378d000 	/usr/lib/system/libsystem_notify.dylib
0x00007ff80aab6000 	/usr/lib/system/libsystem_sandbox.dylib
0x00007ff80c290000 	/usr/lib/system/libsystem_secinit.dylib
0x00007ff8005c4000 	/usr/lib/system/libsystem_kernel.dylib
0x00007ff80062b000 	/usr/lib/system/libsystem_platform.dylib
0x00007ff8005fe000 	/usr/lib/system/libsystem_pthread.dylib
0x00007ff806c1f000 	/usr/lib/system/libsystem_symptoms.dylib
0x00007ff8003a4000 	/usr/lib/system/libsystem_trace.dylib
0x00007ff80c266000 	/usr/lib/system/libunwind.dylib
0x00007ff800364000 	/usr/lib/system/libxpc.dylib
0x00007ff8005ae000 	/usr/lib/libc++abi.dylib
0x00007ff80c271000 	/usr/lib/liboah.dylib
0x00007ff80c9f8000 	/usr/lib/liblzma.5.dylib
0x00007ff80c2a6000 	/usr/lib/libfakelink.dylib
0x00007ff804eb0000 	/System/Library/Frameworks/CFNetwork.framework/Versions/A/CFNetwork
0x00007ff80c3e3000 	/usr/lib/libarchive.2.dylib
0x00007ff810900000 	/System/Library/Frameworks/Combine.framework/Versions/A/Combine
0x00007ff80ea2d000 	/usr/lib/swift/libswiftCore.dylib
0x00007ff9027cd000 	/usr/lib/swift/libswiftCoreFoundation.dylib
0x00007ff9007a6000 	/usr/lib/swift/libswiftDarwin.dylib
0x00007ff814275000 	/usr/lib/swift/libswiftDispatch.dylib
0x00007ff9027e9000 	/usr/lib/swift/libswiftIOKit.dylib
0x00007ff816676000 	/usr/lib/swift/libswiftObjectiveC.dylib
0x00007ff9027de000 	/usr/lib/swift/libswiftXPC.dylib
0x00007ffb1ea3b000 	/usr/lib/swift/libswift_Concurrency.dylib
0x00007ffb1eb7a000 	/usr/lib/swift/libswift_StringProcessing.dylib
0x00007ff81667a000 	/usr/lib/swift/libswiftos.dylib
0x00007ff80364f000 	/System/Library/PrivateFrameworks/CoreServicesInternal.framework/Versions/A/CoreServicesInternal
0x00007ff80b84a000 	/usr/lib/libbsm.0.dylib
0x00007ff80c23e000 	/usr/lib/system/libkxld.dylib
0x00007ff8087ab000 	/System/Library/Frameworks/CoreServices.framework/Versions/A/Frameworks/FSEvents.framework/Versions/A/FSEvents
0x00007ff803353000 	/System/Library/Frameworks/CoreServices.framework/Versions/A/Frameworks/CarbonCore.framework/Versions/A/CarbonCore
0x00007ff8079d3000 	/System/Library/Frameworks/CoreServices.framework/Versions/A/Frameworks/Metadata.framework/Versions/A/Metadata
0x00007ff80bf07000 	/System/Library/Frameworks/CoreServices.framework/Versions/A/Frameworks/OSServices.framework/Versions/A/OSServices
0x00007ff80c46b000 	/System/Library/Frameworks/CoreServices.framework/Versions/A/Frameworks/SearchKit.framework/Versions/A/SearchKit
0x00007ff806ba6000 	/System/Library/Frameworks/CoreServices.framework/Versions/A/Frameworks/AE.framework/Versions/A/AE
0x00007ff800afa000 	/System/Library/Frameworks/CoreServices.framework/Versions/A/Frameworks/LaunchServices.framework/Versions/A/LaunchServices
0x00007ff80c9a9000 	/System/Library/Frameworks/CoreServices.framework/Versions/A/Frameworks/DictionaryServices.framework/Versions/A/DictionaryServices
0x00007ff8087b8000 	/System/Library/Frameworks/CoreServices.framework/Versions/A/Frameworks/SharedFileList.framework/Versions/A/SharedFileList
0x00007ff80c4f7000 	/usr/lib/libapple_nghttp2.dylib
0x00007ff804eac000 	/usr/lib/libnetwork.dylib
0x00007ff80681e000 	/usr/lib/libsqlite3.dylib
0x00007ff806c27000 	/System/Library/Frameworks/Network.framework/Versions/A/Network
0x00007ffb1da2a000 	/usr/lib/libCoreEntitlements.dylib
0x00007ffb0b3bb000 	/System/Library/PrivateFrameworks/MessageSecurity.framework/Versions/A/MessageSecurity
0x00007ff806805000 	/System/Library/PrivateFrameworks/ProtocolBuffer.framework/Versions/A/ProtocolBuffer
0x00007ff80bee1000 	/System/Library/PrivateFrameworks/AppleFSCompression.framework/Versions/A/AppleFSCompression
0x00007ff80b832000 	/usr/lib/libcoretls.dylib
0x00007ff80ca12000 	/usr/lib/libcoretls_cfhelpers.dylib
0x00007ff80c526000 	/usr/lib/libpam.2.dylib
0x00007ff80ca7f000 	/usr/lib/libxar.1.dylib
0x00007ff80cf5d000 	/usr/lib/libheimdal-asn1.dylib
0x00007ff80c2ab000 	/usr/lib/libpcap.A.dylib
0x00007ff806c16000 	/usr/lib/libdns_services.dylib
0x00007ff80aabd000 	/System/Library/PrivateFrameworks/AppleSystemInfo.framework/Versions/A/AppleSystemInfo
0x00007ff80b53f000 	/System/Library/PrivateFrameworks/IOMobileFramebuffer.framework/Versions/A/IOMobileFramebuffer
0x00007ff80bef1000 	/usr/lib/libbz2.1.0.dylib
0x00007ff80b826000 	/usr/lib/libCheckFix.dylib
0x00007ff8052de000 	/System/Library/PrivateFrameworks/TCC.framework/Versions/A/TCC
0x00007ff80aac3000 	/System/Library/PrivateFrameworks/CoreNLP.framework/Versions/A/CoreNLP
0x00007ff807992000 	/System/Library/PrivateFrameworks/MetadataUtilities.framework/Versions/A/MetadataUtilities
0x00007ff80b85a000 	/usr/lib/libmecab.dylib
0x00007ff801244000 	/usr/lib/libCRFSuite.dylib
0x00007ff80b8b4000 	/usr/lib/libgermantok.dylib
0x00007ff80c4d2000 	/usr/lib/libThaiTokenizer.dylib
0x00007ff807a72000 	/System/Library/Frameworks/Accelerate.framework/Versions/A/Frameworks/vImage.framework/Versions/A/vImage
0x00007ff812a2b000 	/System/Library/Frameworks/Accelerate.framework/Versions/A/Frameworks/vecLib.framework/Versions/A/vecLib
0x00007ff80cac1000 	/System/Library/Frameworks/Accelerate.framework/Versions/A/Frameworks/vecLib.framework/Versions/A/libvMisc.dylib
0x00007ff80b364000 	/System/Library/Frameworks/Accelerate.framework/Versions/A/Frameworks/vecLib.framework/Versions/A/libvDSP.dylib
0x00007ff800eb6000 	/System/Library/Frameworks/Accelerate.framework/Versions/A/Frameworks/vecLib.framework/Versions/A/libBLAS.dylib
0x00007ff80c60a000 	/System/Library/Frameworks/Accelerate.framework/Versions/A/Frameworks/vecLib.framework/Versions/A/libLAPACK.dylib
0x00007ff80b8b7000 	/System/Library/Frameworks/Accelerate.framework/Versions/A/Frameworks/vecLib.framework/Versions/A/libLinearAlgebra.dylib
0x00007ff80c50f000 	/System/Library/Frameworks/Accelerate.framework/Versions/A/Frameworks/vecLib.framework/Versions/A/libSparseBLAS.dylib
0x00007ff80c604000 	/System/Library/Frameworks/Accelerate.framework/Versions/A/Frameworks/vecLib.framework/Versions/A/libQuadrature.dylib
0x00007ff80abaf000 	/System/Library/Frameworks/Accelerate.framework/Versions/A/Frameworks/vecLib.framework/Versions/A/libBNNS.dylib
0x00007ff80114e000 	/System/Library/Frameworks/Accelerate.framework/Versions/A/Frameworks/vecLib.framework/Versions/A/libSparse.dylib
0x00007ffb0a6ba000 	/System/Library/PrivateFrameworks/MIL.framework/Versions/A/MIL
0x00007ff80c2e0000 	/usr/lib/libiconv.2.dylib
0x00007ff80c238000 	/usr/lib/libcharset.1.dylib
0x00007ff80878f000 	/System/Library/Frameworks/OpenDirectory.framework/Versions/A/Frameworks/CFOpenDirectory.framework/Versions/A/CFOpenDirectory
0x00007ff808783000 	/System/Library/Frameworks/OpenDirectory.framework/Versions/A/OpenDirectory
0x00007ff80ca14000 	/System/Library/PrivateFrameworks/APFS.framework/Versions/A/APFS
0x00007ff80b769000 	/System/Library/Frameworks/SecurityFoundation.framework/Versions/A/SecurityFoundation
0x00007ff80ca8d000 	/usr/lib/libutil.dylib
0x00007ffb09858000 	/System/Library/PrivateFrameworks/InstalledContentLibrary.framework/Versions/A/InstalledContentLibrary
0x00007ff803692000 	/System/Library/PrivateFrameworks/CoreServicesStore.framework/Versions/A/CoreServicesStore
0x00007ffb00abf000 	/System/Library/PrivateFrameworks/AppleMobileFileIntegrity.framework/Versions/A/AppleMobileFileIntegrity
0x00007ff9027ad000 	/usr/lib/libmis.dylib
0x00007ff910da0000 	/System/Library/PrivateFrameworks/MobileSystemServices.framework/Versions/A/MobileSystemServices
0x00007ffa0afe1000 	/System/Library/PrivateFrameworks/ConfigProfileHelper.framework/Versions/A/ConfigProfileHelper
0x00007ff80c4d4000 	/System/Library/PrivateFrameworks/AppleSauce.framework/Versions/A/AppleSauce
0x00007ff801eeb000 	/System/Library/PrivateFrameworks/LanguageModeling.framework/Versions/A/LanguageModeling
0x00007ff80ca91000 	/usr/lib/libxslt.1.dylib
0x00007ff80c3d2000 	/usr/lib/libcmph.dylib
0x00007ff80b52d000 	/System/Library/PrivateFrameworks/CoreEmoji.framework/Versions/A/CoreEmoji
0x00007ff80aba9000 	/System/Library/PrivateFrameworks/LinguisticData.framework/Versions/A/LinguisticData
0x00007ff801104000 	/System/Library/PrivateFrameworks/Lexicon.framework/Versions/A/Lexicon
0x00007ff80b7f7000 	/System/Library/PrivateFrameworks/BackgroundTaskManagement.framework/Versions/A/BackgroundTaskManagement
0x00007ffb1db60000 	/usr/lib/libTLE.dylib
0x00007ffb1eabf000 	/usr/lib/swift/libswift_RegexParser.dylib
0x00007ff80d7f3000 	/System/Library/PrivateFrameworks/AppleJPEG.framework/Versions/A/AppleJPEG
0x00007ff80cf42000 	/usr/lib/libexpat.1.dylib
0x00007ff80dea1000 	/System/Library/Frameworks/ImageIO.framework/Versions/A/Resources/libPng.dylib
0x00007ff80dece000 	/System/Library/Frameworks/ImageIO.framework/Versions/A/Resources/libTIFF.dylib
0x00007ff80dfbf000 	/System/Library/Frameworks/ImageIO.framework/Versions/A/Resources/libGIF.dylib
0x00007ff80d83e000 	/System/Library/Frameworks/ImageIO.framework/Versions/A/Resources/libJP2.dylib
0x00007ff80df5f000 	/System/Library/Frameworks/ImageIO.framework/Versions/A/Resources/libJPEG.dylib
0x00007ff80df56000 	/System/Library/Frameworks/ImageIO.framework/Versions/A/Resources/libRadiance.dylib
0x00007ff809e89000 	/System/Library/PrivateFrameworks/FontServices.framework/libFontParser.dylib
0x00007ff806b4b000 	/System/Library/PrivateFrameworks/RunningBoardServices.framework/Versions/A/RunningBoardServices
0x00007ff818c65000 	/System/Library/PrivateFrameworks/IOSurfaceAccelerator.framework/Versions/A/IOSurfaceAccelerator
0x00007ff80d929000 	/System/Library/PrivateFrameworks/WatchdogClient.framework/Versions/A/WatchdogClient
0x00007ff80204d000 	/System/Library/Frameworks/CoreDisplay.framework/Versions/A/CoreDisplay
0x00007ff809d78000 	/System/Library/Frameworks/CoreMedia.framework/Versions/A/CoreMedia
0x00007ff809b6a000 	/System/Library/PrivateFrameworks/IOAccelerator.framework/Versions/A/IOAccelerator
0x00007ff808909000 	/System/Library/Frameworks/CoreVideo.framework/Versions/A/CoreVideo
0x00007ff80c524000 	/System/Library/Frameworks/MetalPerformanceShaders.framework/Versions/A/MetalPerformanceShaders
0x00007ff80d966000 	/System/Library/Frameworks/VideoToolbox.framework/Versions/A/VideoToolbox
0x00007ff806a8f000 	/System/Library/PrivateFrameworks/BaseBoard.framework/Versions/A/BaseBoard
0x00007ff80df4f000 	/System/Library/PrivateFrameworks/GPUWrangler.framework/Versions/A/GPUWrangler
0x00007ff80df33000 	/System/Library/PrivateFrameworks/IOPresentment.framework/Versions/A/IOPresentment
0x00007ff80df59000 	/System/Library/PrivateFrameworks/DSExternalDisplay.framework/Versions/A/DSExternalDisplay
0x00007ffb05eec000 	/System/Library/PrivateFrameworks/GPUCompiler.framework/Versions/31001/Libraries/libllvm-flatbuffers.dylib
0x00007ffa15ca1000 	/System/Library/Frameworks/OpenGL.framework/Versions/A/Libraries/libCoreFSCache.dylib
0x00007ffb05ee8000 	/System/Library/PrivateFrameworks/GPUCompiler.framework/Versions/31001/Libraries/libGPUCompilerUtils.dylib
0x00007ff80dfc5000 	/System/Library/PrivateFrameworks/CMCaptureCore.framework/Versions/A/CMCaptureCore
0x00007ffa1ac80000 	/System/Library/Frameworks/ExtensionFoundation.framework/Versions/A/ExtensionFoundation
0x00007ff8149f1000 	/System/Library/PrivateFrameworks/CoreTime.framework/Versions/A/CoreTime
0x00007ff80d4f6000 	/System/Library/PrivateFrameworks/AppServerSupport.framework/Versions/A/AppServerSupport
0x00007ff80f880000 	/System/Library/PrivateFrameworks/perfdata.framework/Versions/A/perfdata
0x00007ff802179000 	/System/Library/PrivateFrameworks/AudioToolboxCore.framework/Versions/A/AudioToolboxCore
0x00007ff809d52000 	/System/Library/PrivateFrameworks/caulk.framework/Versions/A/caulk
0x00007ff80f14d000 	/usr/lib/libAudioStatistics.dylib
0x00007ff901c49000 	/System/Library/PrivateFrameworks/SystemPolicy.framework/Versions/A/SystemPolicy
0x00007ff80f3eb000 	/usr/lib/libSMC.dylib
0x00007ff8184cd000 	/System/Library/Frameworks/CoreMIDI.framework/Versions/A/CoreMIDI
0x00007ff80de6f000 	/usr/lib/libAudioToolboxUtility.dylib
0x00007ff81d9f0000 	/System/Library/PrivateFrameworks/OSAServicesClient.framework/Versions/A/OSAServicesClient
0x00007ff80f88d000 	/usr/lib/libperfcheck.dylib
0x00007ff80ce26000 	/System/Library/PrivateFrameworks/PlugInKit.framework/Versions/A/PlugInKit
0x00007ff80b75c000 	/System/Library/PrivateFrameworks/AssertionServices.framework/Versions/A/AssertionServices
0x00007ffa15cfc000 	/System/Library/Frameworks/OpenGL.framework/Versions/A/Libraries/libGLU.dylib
0x00007ffa15cc0000 	/System/Library/Frameworks/OpenGL.framework/Versions/A/Libraries/libGFXShared.dylib
0x00007ffa15ec9000 	/System/Library/Frameworks/OpenGL.framework/Versions/A/Libraries/libGL.dylib
0x00007ffa15cc9000 	/System/Library/Frameworks/OpenGL.framework/Versions/A/Libraries/libGLImage.dylib
0x00007ffa15cbd000 	/System/Library/Frameworks/OpenGL.framework/Versions/A/Libraries/libCVMSPluginSupport.dylib
0x00007ffb1db3f000 	/usr/lib/libRosetta.dylib
0x00007ffa15ca8000 	/System/Library/Frameworks/OpenGL.framework/Versions/A/Libraries/libCoreVMClient.dylib
0x00007ff80aa36000 	/System/Library/Frameworks/MetalPerformanceShaders.framework/Versions/A/Frameworks/MPSCore.framework/Versions/A/MPSCore
0x00007ff80be4b000 	/System/Library/Frameworks/MetalPerformanceShaders.framework/Versions/A/Frameworks/MPSImage.framework/Versions/A/MPSImage
0x00007ff80b8cd000 	/System/Library/Frameworks/MetalPerformanceShaders.framework/Versions/A/Frameworks/MPSNeuralNetwork.framework/Versions/A/MPSNeuralNetwork
0x00007ff80bd40000 	/System/Library/Frameworks/MetalPerformanceShaders.framework/Versions/A/Frameworks/MPSMatrix.framework/Versions/A/MPSMatrix
0x00007ff80bafb000 	/System/Library/Frameworks/MetalPerformanceShaders.framework/Versions/A/Frameworks/MPSRayIntersector.framework/Versions/A/MPSRayIntersector
0x00007ff80bd7a000 	/System/Library/Frameworks/MetalPerformanceShaders.framework/Versions/A/Frameworks/MPSNDArray.framework/Versions/A/MPSNDArray
0x00007ffa1bfeb000 	/System/Library/Frameworks/MetalPerformanceShaders.framework/Versions/A/Frameworks/MPSFunctions.framework/Versions/A/MPSFunctions
0x00007ff800d77000 	/System/Library/PrivateFrameworks/MetalTools.framework/Versions/A/MetalTools
0x00007ff80aabc000 	/System/Library/PrivateFrameworks/AggregateDictionary.framework/Versions/A/AggregateDictionary
0x00007ff80cce1000 	/usr/lib/libIOReport.dylib
0x00007ffa172ac000 	/System/Library/Frameworks/OpenCL.framework/Versions/A/OpenCL
0x00007ff80d088000 	/System/Library/PrivateFrameworks/GraphVisualizer.framework/Versions/A/GraphVisualizer
0x00007ffb05ded000 	/System/Library/PrivateFrameworks/FontServices.framework/Versions/A/FontServices
0x00007ff80d4b1000 	/System/Library/PrivateFrameworks/OTSVG.framework/Versions/A/OTSVG
0x00007ff8084d3000 	/System/Library/Frameworks/ApplicationServices.framework/Versions/A/Frameworks/ATS.framework/Versions/A/Resources/libFontRegistry.dylib
0x00007ff80d500000 	/System/Library/PrivateFrameworks/FontServices.framework/libhvf.dylib
0x00007ffb05dee000 	/System/Library/PrivateFrameworks/FontServices.framework/libXTFontStaticRegistryData.dylib
0x00007ffb1701f000 	/System/Library/PrivateFrameworks/VideoToolboxParavirtualizationSupport.framework/Versions/A/VideoToolboxParavirtualizationSupport
0x00007ff80cef2000 	/System/Library/PrivateFrameworks/AppleVA.framework/Versions/A/AppleVA
0x00007ff80f18d000 	/System/Library/Frameworks/ApplicationServices.framework/Versions/A/Frameworks/ATS.framework/Versions/A/ATS
0x00007ff805ef7000 	/System/Library/Frameworks/ApplicationServices.framework/Versions/A/Frameworks/HIServices.framework/Versions/A/HIServices
0x00007ff80dfd1000 	/System/Library/Frameworks/ApplicationServices.framework/Versions/A/Frameworks/PrintCore.framework/Versions/A/PrintCore
0x00007ff80f540000 	/System/Library/Frameworks/ApplicationServices.framework/Versions/A/Frameworks/QD.framework/Versions/A/QD
0x00007ff80f538000 	/System/Library/Frameworks/ApplicationServices.framework/Versions/A/Frameworks/ColorSyncLegacy.framework/Versions/A/ColorSyncLegacy
0x00007ff80f161000 	/System/Library/Frameworks/ApplicationServices.framework/Versions/A/Frameworks/SpeechSynthesis.framework/Versions/A/SpeechSynthesis
0x00007ff80df8f000 	/System/Library/Frameworks/ApplicationServices.framework/Versions/A/Frameworks/ATSUI.framework/Versions/A/ATSUI
0x00007ff80f4cb000 	/usr/lib/libcups.2.dylib
0x00007ff80f89c000 	/System/Library/Frameworks/Kerberos.framework/Versions/A/Kerberos
0x00007ff80f8ab000 	/System/Library/Frameworks/GSS.framework/Versions/A/GSS
0x00007ff80f1fb000 	/usr/lib/libresolv.9.dylib
0x00007ff80d511000 	/System/Library/PrivateFrameworks/Heimdal.framework/Versions/A/Heimdal
0x00007ff8165f9000 	/System/Library/Frameworks/Kerberos.framework/Versions/A/Libraries/libHeimdalProxy.dylib
0x00007ff80f8f6000 	/System/Library/PrivateFrameworks/CommonAuth.framework/Versions/A/CommonAuth
0x00007ffa19f56000 	/System/Library/Frameworks/AVFAudio.framework/Versions/A/AVFAudio
0x00007ff81da39000 	/System/Library/PrivateFrameworks/AXCoreUtilities.framework/Versions/A/AXCoreUtilities
0x00007ff80f0dd000 	/System/Library/PrivateFrameworks/AudioSession.framework/Versions/A/AudioSession
0x00007ff8106d7000 	/System/Library/Frameworks/IOBluetooth.framework/Versions/A/IOBluetooth
0x00007ff80cff8000 	/System/Library/PrivateFrameworks/MediaExperience.framework/Versions/A/MediaExperience
0x00007ff80ef84000 	/System/Library/PrivateFrameworks/AudioSession.framework/libSessionUtility.dylib
0x00007ff80f54c000 	/System/Library/PrivateFrameworks/AudioResourceArbitration.framework/Versions/A/AudioResourceArbitration
0x00007ff813630000 	/System/Library/PrivateFrameworks/PowerLog.framework/Versions/A/PowerLog
0x00007ff813572000 	/System/Library/Frameworks/CoreBluetooth.framework/Versions/A/CoreBluetooth
0x00007ff8165fa000 	/System/Library/Frameworks/AudioUnit.framework/Versions/A/AudioUnit
0x00007ff80b5c6000 	/System/Library/PrivateFrameworks/CoreUtils.framework/Versions/A/CoreUtils
0x00007ffb0499e000 	/System/Library/PrivateFrameworks/CoreUtilsExtras.framework/Versions/A/CoreUtilsExtras
0x00007ffb096ef000 	/System/Library/PrivateFrameworks/IO80211.framework/Versions/A/IO80211
0x00007ff80cf66000 	/System/Library/PrivateFrameworks/IconFoundation.framework/Versions/A/IconFoundation
0x00007ff81264f000 	/System/Library/PrivateFrameworks/SpeechRecognitionCore.framework/Versions/A/SpeechRecognitionCore
0x00000001075fb000 	/Applications/RStudio.app/Contents/Resources/app/Frameworks/libgssapi_krb5.2.2.dylib
0x000000010770d000 	/Applications/RStudio.app/Contents/Resources/app/Frameworks/libkrb5.3.3.dylib
0x00000001074f6000 	/Applications/RStudio.app/Contents/Resources/app/Frameworks/libk5crypto.3.1.dylib
0x000000010746a000 	/Applications/RStudio.app/Contents/Resources/app/Frameworks/libcom_err.3.0.dylib
0x000000010752e000 	/Applications/RStudio.app/Contents/Resources/app/Frameworks/libkrb5support.1.1.dylib
0x0000000107546000 	/Applications/RStudio.app/Contents/Resources/app/Frameworks/libintl.8.dylib
0x000000010767d000 	/Library/Frameworks/R.framework/Versions/4.0/Resources/lib/libRblas.dylib
0x000000010849e000 	/Library/Frameworks/R.framework/Versions/4.0/Resources/lib/libgfortran.5.dylib
0x00000001077d1000 	/Library/Frameworks/R.framework/Versions/4.0/Resources/lib/libquadmath.0.dylib
0x000000010764b000 	/Library/Frameworks/R.framework/Versions/4.0/Resources/lib/libgcc_s.1.dylib
0x00007ff9068c1000 	/usr/lib/libncurses.5.4.dylib
0x0000000107429000 	/Library/Frameworks/R.framework/Versions/4.0/Resources/library/methods/libs/methods.so
0x000000010748f000 	/Library/Frameworks/R.framework/Versions/4.0/Resources/library/utils/libs/utils.so
0x0000000107d2a000 	/Library/Frameworks/R.framework/Versions/4.0/Resources/library/grDevices/libs/grDevices.so
0x00007ff80d5c8000 	/System/Library/PrivateFrameworks/login.framework/Versions/A/login
0x00007ff80895e000 	/System/Library/PrivateFrameworks/login.framework/Versions/A/Frameworks/loginsupport.framework/Versions/A/loginsupport
0x0000000107d7e000 	/Library/Frameworks/R.framework/Versions/4.0/Resources/library/graphics/libs/graphics.so
0x0000000107e8e000 	/Library/Frameworks/R.framework/Versions/4.0/Resources/library/stats/libs/stats.so
0x000000010a457000 	/Library/Frameworks/R.framework/Versions/4.0/Resources/lib/libRlapack.dylib
0x0000000107df9000 	/Library/Frameworks/R.framework/Versions/4.0/Resources/library/cli/libs/cli.so
0x0000000107562000 	/Library/Internet Plug-Ins/JavaAppletPlugin.plugin/Contents/Home/lib/jli/libjli.dylib
0x00007ff818628000 	/System/Library/Frameworks/Cocoa.framework/Versions/A/Cocoa
0x000000010b453000 	/Library/Internet Plug-Ins/JavaAppletPlugin.plugin/Contents/Home/lib/server/libjvm.dylib
0x00000001076ef000 	/Library/Frameworks/R.framework/Versions/4.0/Resources/library/rJava/libs/rJava.so
0x0000000107e2d000 	/Library/Frameworks/R.framework/Versions/4.0/Resources/library/bit/libs/bit.so
0x0000000107e53000 	/Library/Frameworks/R.framework/Versions/4.0/Resources/library/bit64/libs/bit64.so
0x0000000108233000 	/Library/Frameworks/R.framework/Versions/4.0/Resources/library/rlang/libs/rlang.so
0x000000010781d000 	/Library/Internet Plug-Ins/JavaAppletPlugin.plugin/Contents/Home/lib/libverify.dylib
0x0000000108283000 	/Library/Internet Plug-Ins/JavaAppletPlugin.plugin/Contents/Home/lib/libjava.dylib
0x0000000107446000 	/Library/Internet Plug-Ins/JavaAppletPlugin.plugin/Contents/Home/lib/libzip.dylib
0x00000001081e5000 	/Library/Frameworks/R.framework/Versions/4.0/Resources/library/digest/libs/digest.so
0x0000000107de4000 	/Library/Frameworks/R.framework/Versions/4.0/Resources/library/fastmap/libs/fastmap.so
0x0000000107672000 	/Library/Frameworks/R.framework/Versions/4.0/Resources/library/htmltools/libs/htmltools.so
0x000000010b3c4000 	/Library/Frameworks/R.framework/Versions/4.0/Resources/library/data.table/libs/datatable.so
0x0000000107703000 	/Library/Frameworks/R.framework/Versions/4.0/Resources/library/xfun/libs/xfun.so
0x000000010820e000 	/Library/Frameworks/R.framework/Versions/4.0/Resources/library/tools/libs/tools.so
0x000000012aa28000 	/Library/Developer/CommandLineTools/usr/lib/libclang.dylib
0x000000011c446000 	/Library/Frameworks/R.framework/Versions/4.0/Resources/modules/internet.so
0x00007ff815f83000 	/usr/lib/libcurl.4.dylib
0x00007ffb1dfdb000 	/usr/lib/libcrypto.46.dylib
0x00007ffb1e67a000 	/usr/lib/libssl.48.dylib
0x00007ff815ca2000 	/System/Library/Frameworks/LDAP.framework/Versions/A/LDAP
0x00007ff815cde000 	/System/Library/PrivateFrameworks/TrustEvaluationAgent.framework/Versions/A/TrustEvaluationAgent
0x00007ff80f214000 	/usr/lib/libsasl2.2.dylib
0x000000011c56d000 	/Library/Frameworks/R.framework/Versions/4.0/Resources/library/lubridate/libs/lubridate.so
0x0000000107f55000 	/Library/Frameworks/R.framework/Versions/4.0/Resources/library/rjson/libs/rjson.so
0x000000011c636000 	/Library/Frameworks/R.framework/Versions/4.0/Resources/library/vctrs/libs/vctrs.so
0x0000000107708000 	/Library/Frameworks/R.framework/Versions/4.0/Resources/library/glue/libs/glue.so
0x000000010782f000 	/Library/Frameworks/R.framework/Versions/4.0/Resources/library/magrittr/libs/magrittr.so
0x0000000108463000 	/Library/Frameworks/R.framework/Versions/4.0/Resources/library/fansi/libs/fansi.so
0x000000011c5ad000 	/Library/Frameworks/R.framework/Versions/4.0/Resources/library/utf8/libs/utf8.so
0x0000000107f62000 	/Library/Frameworks/R.framework/Versions/4.0/Resources/library/tibble/libs/tibble.so
0x0000000107f6e000 	/Library/Frameworks/R.framework/Versions/4.0/Resources/library/purrr/libs/purrr.so
0x000000010b345000 	/Library/Frameworks/R.framework/Versions/4.0/Resources/library/dplyr/libs/dplyr.so
0x000000012088a000 	/Library/Frameworks/R.framework/Versions/4.0/Resources/library/Rcpp/libs/Rcpp.so
0x0000000120b44000 	/Library/Frameworks/R.framework/Versions/4.0/Resources/library/RSQLite/libs/RSQLite.so
0x0000000107676000 	/Library/Frameworks/R.framework/Versions/4.0/Resources/library/cachem/libs/cachem.so
0x000000010b356000 	/Library/Frameworks/R.framework/Versions/4.0/Resources/library/jsonlite/libs/jsonlite.so
0x000000010b369000 	/Library/Internet Plug-Ins/JavaAppletPlugin.plugin/Contents/Home/lib/libnet.dylib
0x000000010b383000 	/Library/Internet Plug-Ins/JavaAppletPlugin.plugin/Contents/Home/lib/libmanagement.dylib
0x000000011c5fc000 	/Library/Internet Plug-Ins/JavaAppletPlugin.plugin/Contents/Home/lib/libsunec.dylib
0x000000010b395000 	/Library/Internet Plug-Ins/JavaAppletPlugin.plugin/Contents/Home/lib/libnio.dylib
0x0000000120800000 	/Library/Frameworks/R.framework/Versions/4.0/Resources/library/triebeard/libs/triebeard.so
0x0000000120d6c000 	/Library/Frameworks/R.framework/Versions/4.0/Resources/library/urltools/libs/urltools.so
0x000000011c786000 	/Library/Frameworks/R.framework/Versions/4.0/Resources/library/checkmate/libs/checkmate.so
0x000000010822c000 	/Library/Frameworks/R.framework/Versions/4.0/Resources/library/backports/libs/backports.so
0x0000000121332000 	/Library/Frameworks/R.framework/Versions/4.0/Resources/modules/R_X11.so
0x000000010b3a7000 	/opt/X11/lib/libSM.6.dylib
0x000000011c7a2000 	/opt/X11/lib/libICE.6.dylib
0x0000000121113000 	/opt/X11/lib/libX11.6.dylib
0x000000011c7c2000 	/opt/X11/lib/libXext.6.dylib
0x000000011c7de000 	/opt/X11/lib/libXrender.1.dylib
0x0000000120ec5000 	/opt/X11/lib/libXt.6.dylib
0x0000000120857000 	/opt/X11/lib/libXmu.6.dylib
0x0000000120e49000 	/opt/X11/lib/libxcb.1.dylib
0x000000011c626000 	/opt/X11/lib/libXau.6.dylib
0x0000000120877000 	/Library/Frameworks/R.framework/Versions/4.0/Resources/library/tcltk/libs/tcltk.so
0x00000001218b6000 	/usr/local/lib/libtcl8.6.dylib
0x0000000121a18000 	/usr/local/lib/libtk8.6.dylib
0x0000000120b1e000 	/opt/X11/lib/libXss.1.dylib
0x0000000120e22000 	/opt/X11/lib/libXft.2.dylib
0x0000000120dbd000 	/opt/X11/lib/libfontconfig.1.dylib
0x0000000121237000 	/opt/X11/lib/libfreetype.6.dylib
0x000000010b44e000 	/Library/Frameworks/R.framework/Versions/4.0/Resources/library/ellipsis/libs/ellipsis.so
0x0000000121eee000 	/Library/Frameworks/R.framework/Versions/4.0/Resources/library/readr/libs/readr.so
0x0000000121f84000 	/Library/Frameworks/R.framework/Versions/4.0/Resources/library/tzdb/libs/tzdb.so
0x00000001220b6000 	/Library/Frameworks/R.framework/Versions/4.0/Resources/library/vroom/libs/vroom.so
0x0000000120886000 	/Library/Frameworks/R.framework/Versions/4.0/Resources/library/chron/libs/chron.so
0x00000001228d7000 	/Library/Frameworks/R.framework/Versions/4.0/Resources/library/stringi/libs/stringi.so

VM Arguments:
jvm_args: -Djava.awt.headless=true -Xmx512m -Xrs vfprintf exit -Xss2m 
java_command: <unknown>
java_class_path (initial): /Library/Frameworks/R.framework/Versions/4.0/Resources/library/rJava/java/boot
Launcher Type: generic

Environment Variables:
PATH=/usr/bin:/usr/bin:/usr/bin:/usr/local/bin:/System/Cryptexes/App/usr/bin:/usr/bin:/bin:/usr/sbin:/sbin:/Library/TeX/texbin:/opt/X11/bin:/Users/clairblacketer/Applications/quarto/bin:/usr/texbin:/Applications/RStudio.app/Contents/Resources/app/quarto/bin:/Applications/RStudio.app/Contents/Resources/app/bin/postback:/Applications/RStudio.app/Contents/Resources/app/bin/postback:/Applications/RStudio.app/Contents/Resources/app/bin/postback
SHELL=/bin/zsh
DISPLAY=/private/tmp/com.apple.launchd.h8HrVOy9cX/org.xquartz:0
DYLD_LIBRARY_PATH=/Library/Internet Plug-Ins/JavaAppletPlugin.plugin/Contents/Home/lib/server

Signal Handlers:
SIGSEGV: [libjvm.dylib+0x59cd83], sa_mask[0]=11111111011111110111111111111111, sa_flags=SA_ONSTACK|SA_RESTART|SA_SIGINFO
SIGBUS: [libjvm.dylib+0x59cd83], sa_mask[0]=11111111011111110111111111111111, sa_flags=SA_RESTART|SA_SIGINFO
SIGFPE: [libjvm.dylib+0x59cd83], sa_mask[0]=11111111011111110111111111111111, sa_flags=SA_RESTART|SA_SIGINFO
SIGPIPE: SIG_IGN, sa_mask[0]=00000000000000000000000000000000, sa_flags=SA_RESTART
SIGXFSZ: [libjvm.dylib+0x4905af], sa_mask[0]=11111111011111110111111111111111, sa_flags=SA_RESTART|SA_SIGINFO
SIGILL: [libjvm.dylib+0x59cd83], sa_mask[0]=11111111011111110111111111111111, sa_flags=SA_RESTART|SA_SIGINFO
SIGUSR1: SIG_IGN, sa_mask[0]=00000000000000000000000000000000, sa_flags=none
SIGUSR2: SIG_IGN, sa_mask[0]=00000000000000000000000000000000, sa_flags=none
SIGHUP: SIG_DFL, sa_mask[0]=00000000000000000000000000000000, sa_flags=none
SIGINT: [rsession+0x1730d0], sa_mask[0]=00000000000000000000000000000000, sa_flags=SA_RESTART
SIGTERM: SIG_DFL, sa_mask[0]=00000000000000000000000000000000, sa_flags=none
SIGQUIT: SIG_DFL, sa_mask[0]=00000000000000000000000000000000, sa_flags=none


---------------  S Y S T E M  ---------------

OS:Bsduname:Darwin 22.2.0 Darwin Kernel Version 22.2.0: Fri Nov 11 02:08:47 PST 2022; root:xnu-8792.61.2~4/RELEASE_X86_64 x86_64
rlimit: STACK 8192k, CORE 0k, NPROC 5568, NOFILE 12544, AS infinity
load average:3.26 3.36 3.31

CPU:total 8 (initial active 8) (4 cores per cpu, 2 threads per core) family 6 model 126 stepping 5, cmov, cx8, fxsr, mmx, sse, sse2, sse3, ssse3, sse4.1, sse4.2, popcnt, avx, avx2, aes, clmul, erms, 3dnowpref, lzcnt, ht, tsc, tscinvbit, bmi1, bmi2, adx

Memory: 4k page, physical 33554432k(359176k free)

/proc/meminfo:


vm_info: Java HotSpot(TM) 64-Bit Server VM (25.333-b02) for bsd-amd64 JRE (1.8.0_333-b02), built on Apr 26 2022 06:41:53 by "java_re" with gcc 4.2.1 Compatible Apple LLVM 11.0.0 (clang-1100.0.33.17)

time: Fri Mar 17 13:14:51 2023
timezone: EDT
elapsed time: 378.629317 seconds (0d 0h 6m 18s)

